PLINK v1.90b5 32-bit (14 Nov 2017)
Options in effect:
  --bfile Ind
  --geno 0.05
  --make-bed
  --out IndMk

Hostname: LENOVO
Working directory: G:\my_stuff\masters\saclay\courses\M1\NGS\part_2\data\TP_DATA_PROG\II.a.Plink
Start time: Fri Jan 24 21:39:03 2025

Random number seed: 1737751143
8025 MB RAM detected; reserving 2047 MB for main workspace.
Allocated 1535 MB successfully, after larger attempt(s) failed.
50971 variants loaded from .bim file.
89 people (89 males, 0 females) loaded from .fam.
89 phenotype values loaded from .fam.
Using 1 thread (no multithreaded calculations invoked).
Before main variant filters, 89 founders and 0 nonfounders present.
Calculating allele frequencies... done.
Total genotyping rate is 0.994134.
1509 variants removed due to missing genotype data (--geno).
49462 variants and 89 people pass filters and QC.
Among remaining phenotypes, 44 are cases and 45 are controls.
--make-bed to IndMk.bed + IndMk.bim + IndMk.fam ... done.

End time: Fri Jan 24 21:39:03 2025
