PLINK v1.90b5 32-bit (14 Nov 2017)
Options in effect:
  --bfile IndMkMAFHWE
  --ci .095
  --logistic
  --out res_geno

Hostname: LENOVO
Working directory: G:\my_stuff\masters\saclay\courses\M1\NGS\part_2\data\TP_DATA_PROG\II.a.Plink
Start time: Fri Jan 24 22:49:00 2025

Random number seed: 1737755340
8025 MB RAM detected; reserving 2047 MB for main workspace.
Allocated 1535 MB successfully, after larger attempt(s) failed.
34348 variants loaded from .bim file.
89 people (89 males, 0 females) loaded from .fam.
89 phenotype values loaded from .fam.
Using 1 thread (no multithreaded calculations invoked).
Before main variant filters, 89 founders and 0 nonfounders present.
Calculating allele frequencies... done.
Total genotyping rate is 0.996651.
34348 variants and 89 people pass filters and QC.
Among remaining phenotypes, 44 are cases and 45 are controls.
Writing logistic model association results to res_geno.assoc.logistic ... done.

End time: Fri Jan 24 22:49:00 2025
